<?xml version="1.0" encoding="UTF-8"?>
<coverage generated="1739368113731" clover="3.2.0">
  <project timestamp="1739368113732" name="All files">
    <metrics statements="12" coveredstatements="11" conditionals="8" coveredconditionals="7" methods="7" coveredmethods="7" elements="27" coveredelements="25" complexity="0" loc="12" ncloc="12" packages="1" files="1" classes="1"/>
    <file name="chessboard.js" path="C:\Users\kkalt\examan_tdd\chessboard-tdd\src\chessboard.js">
      <metrics statements="12" coveredstatements="11" conditionals="8" coveredconditionals="7" methods="7" coveredmethods="7"/>
      <line num="3" count="4" type="stmt"/>
      <line num="4" count="4" type="stmt"/>
      <line num="8" count="16" type="stmt"/>
      <line num="12" count="3" type="cond" truecount="2" falsecount="0"/>
      <line num="13" count="2" type="stmt"/>
      <line num="15" count="1" type="stmt"/>
      <line num="20" count="1" type="cond" truecount="1" falsecount="1"/>
      <line num="21" count="1" type="stmt"/>
      <line num="23" count="0" type="stmt"/>
      <line num="28" count="4" type="cond" truecount="4" falsecount="0"/>
      <line num="32" count="3" type="stmt"/>
      <line num="36" count="1" type="stmt"/>
    </file>
  </project>
</coverage>
