<?xml version="1.0" encoding="UTF-8"?>
<coverage generated="1739372351564" clover="3.2.0">
  <project timestamp="1739372351564" name="All files">
    <metrics statements="13" coveredstatements="11" conditionals="8" coveredconditionals="6" methods="7" coveredmethods="7" elements="28" coveredelements="24" complexity="0" loc="13" ncloc="13" packages="1" files="1" classes="1"/>
    <file name="chessboard.js" path="C:\Users\kkalt\examan_tdd\chessboard-tdd\src\chessboard.js">
      <metrics statements="13" coveredstatements="11" conditionals="8" coveredconditionals="6" methods="7" coveredmethods="7"/>
      <line num="3" count="3" type="stmt"/>
      <line num="4" count="3" type="stmt"/>
      <line num="5" count="3" type="stmt"/>
      <line num="9" count="12" type="stmt"/>
      <line num="13" count="3" type="stmt"/>
      <line num="17" count="2" type="cond" truecount="1" falsecount="1"/>
      <line num="18" count="2" type="stmt"/>
      <line num="20" count="0" type="stmt"/>
      <line num="25" count="1" type="cond" truecount="1" falsecount="1"/>
      <line num="26" count="1" type="stmt"/>
      <line num="28" count="0" type="stmt"/>
      <line num="33" count="3" type="cond" truecount="4" falsecount="0"/>
      <line num="37" count="1" type="stmt"/>
    </file>
  </project>
</coverage>
