{"C:\\Users\\kkalt\\examan_tdd\\chessboard-tdd\\src\\chessboard.js": {"path":"C:\\Users\\kkalt\\examan_tdd\\chessboard-tdd\\src\\chessboard.js","statementMap":{"0":{"start":{"line":3,"column":8},"end":{"line":3,"column":25}},"1":{"start":{"line":4,"column":8},"end":{"line":4,"column":24}},"2":{"start":{"line":5,"column":8},"end":{"line":5,"column":26}},"3":{"start":{"line":9,"column":8},"end":{"line":9,"column":87}},"4":{"start":{"line":9,"column":59},"end":{"line":9,"column":85}},"5":{"start":{"line":13,"column":8},"end":{"line":13,"column":26}},"6":{"start":{"line":17,"column":8},"end":{"line":21,"column":9}},"7":{"start":{"line":18,"column":12},"end":{"line":18,"column":41}},"8":{"start":{"line":20,"column":12},"end":{"line":20,"column":48}},"9":{"start":{"line":25,"column":8},"end":{"line":29,"column":9}},"10":{"start":{"line":26,"column":12},"end":{"line":26,"column":39}},"11":{"start":{"line":28,"column":12},"end":{"line":28,"column":48}},"12":{"start":{"line":33,"column":8},"end":{"line":33,"column":74}},"13":{"start":{"line":37,"column":8},"end":{"line":41,"column":9}},"14":{"start":{"line":37,"column":21},"end":{"line":37,"column":22}},"15":{"start":{"line":38,"column":12},"end":{"line":40,"column":13}},"16":{"start":{"line":39,"column":16},"end":{"line":39,"column":29}},"17":{"start":{"line":43,"column":8},"end":{"line":47,"column":9}},"18":{"start":{"line":43,"column":21},"end":{"line":43,"column":24}},"19":{"start":{"line":43,"column":30},"end":{"line":43,"column":33}},"20":{"start":{"line":44,"column":12},"end":{"line":46,"column":13}},"21":{"start":{"line":45,"column":16},"end":{"line":45,"column":29}},"22":{"start":{"line":49,"column":8},"end":{"line":53,"column":9}},"23":{"start":{"line":49,"column":21},"end":{"line":49,"column":24}},"24":{"start":{"line":49,"column":30},"end":{"line":49,"column":33}},"25":{"start":{"line":50,"column":12},"end":{"line":52,"column":13}},"26":{"start":{"line":51,"column":16},"end":{"line":51,"column":29}},"27":{"start":{"line":55,"column":8},"end":{"line":55,"column":20}},"28":{"start":{"line":59,"column":0},"end":{"line":59,"column":28}}},"fnMap":{"0":{"name":"(anonymous_0)","decl":{"start":{"line":2,"column":4},"end":{"line":2,"column":5}},"loc":{"start":{"line":2,"column":22},"end":{"line":6,"column":5}},"line":2},"1":{"name":"(anonymous_1)","decl":{"start":{"line":8,"column":4},"end":{"line":8,"column":5}},"loc":{"start":{"line":8,"column":17},"end":{"line":10,"column":5}},"line":8},"2":{"name":"(anonymous_2)","decl":{"start":{"line":9,"column":53},"end":{"line":9,"column":54}},"loc":{"start":{"line":9,"column":59},"end":{"line":9,"column":85}},"line":9},"3":{"name":"(anonymous_3)","decl":{"start":{"line":12,"column":4},"end":{"line":12,"column":5}},"loc":{"start":{"line":12,"column":15},"end":{"line":14,"column":5}},"line":12},"4":{"name":"(anonymous_4)","decl":{"start":{"line":16,"column":4},"end":{"line":16,"column":5}},"loc":{"start":{"line":16,"column":32},"end":{"line":22,"column":5}},"line":16},"5":{"name":"(anonymous_5)","decl":{"start":{"line":24,"column":4},"end":{"line":24,"column":5}},"loc":{"start":{"line":24,"column":26},"end":{"line":30,"column":5}},"line":24},"6":{"name":"(anonymous_6)","decl":{"start":{"line":32,"column":4},"end":{"line":32,"column":5}},"loc":{"start":{"line":32,"column":30},"end":{"line":34,"column":5}},"line":32},"7":{"name":"(anonymous_7)","decl":{"start":{"line":36,"column":4},"end":{"line":36,"column":5}},"loc":{"start":{"line":36,"column":26},"end":{"line":56,"column":5}},"line":36}},"branchMap":{"0":{"loc":{"start":{"line":17,"column":8},"end":{"line":21,"column":9}},"type":"if","locations":[{"start":{"line":17,"column":8},"end":{"line":21,"column":9}},{"start":{"line":19,"column":15},"end":{"line":21,"column":9}}],"line":17},"1":{"loc":{"start":{"line":25,"column":8},"end":{"line":29,"column":9}},"type":"if","locations":[{"start":{"line":25,"column":8},"end":{"line":29,"column":9}},{"start":{"line":27,"column":15},"end":{"line":29,"column":9}}],"line":25},"2":{"loc":{"start":{"line":33,"column":15},"end":{"line":33,"column":73}},"type":"binary-expr","locations":[{"start":{"line":33,"column":15},"end":{"line":33,"column":23}},{"start":{"line":33,"column":27},"end":{"line":33,"column":42}},{"start":{"line":33,"column":46},"end":{"line":33,"column":54}},{"start":{"line":33,"column":58},"end":{"line":33,"column":73}}],"line":33},"3":{"loc":{"start":{"line":38,"column":12},"end":{"line":40,"column":13}},"type":"if","locations":[{"start":{"line":38,"column":12},"end":{"line":40,"column":13}},{"start":{},"end":{}}],"line":38},"4":{"loc":{"start":{"line":43,"column":35},"end":{"line":43,"column":51}},"type":"binary-expr","locations":[{"start":{"line":43,"column":35},"end":{"line":43,"column":41}},{"start":{"line":43,"column":45},"end":{"line":43,"column":51}}],"line":43},"5":{"loc":{"start":{"line":44,"column":12},"end":{"line":46,"column":13}},"type":"if","locations":[{"start":{"line":44,"column":12},"end":{"line":46,"column":13}},{"start":{},"end":{}}],"line":44},"6":{"loc":{"start":{"line":49,"column":35},"end":{"line":49,"column":58}},"type":"binary-expr","locations":[{"start":{"line":49,"column":35},"end":{"line":49,"column":41}},{"start":{"line":49,"column":45},"end":{"line":49,"column":58}}],"line":49},"7":{"loc":{"start":{"line":50,"column":12},"end":{"line":52,"column":13}},"type":"if","locations":[{"start":{"line":50,"column":12},"end":{"line":52,"column":13}},{"start":{},"end":{}}],"line":50}},"s":{"0":4,"1":4,"2":4,"3":4,"4":16,"5":3,"6":3,"7":3,"8":0,"9":1,"10":1,"11":0,"12":4,"13":2,"14":2,"15":2,"16":0,"17":2,"18":2,"19":2,"20":4,"21":1,"22":1,"23":1,"24":1,"25":2,"26":0,"27":1,"28":1},"f":{"0":4,"1":4,"2":16,"3":3,"4":3,"5":1,"6":4,"7":2},"b":{"0":[3,0],"1":[1,0],"2":[4,4,4,4],"3":[0,2],"4":[5,4],"5":[1,3],"6":[3,2],"7":[0,2]},"_coverageSchema":"1a1c01bbd47fc00a2c39e90264f33305004495a9","hash":"b902cd8bb381fe4dc3b9547352ee0ae759f3c25a"}
}
