{"C:\\Users\\kkalt\\examan_tdd\\chessboard-tdd\\src\\chessboard.js": {"path":"C:\\Users\\kkalt\\examan_tdd\\chessboard-tdd\\src\\chessboard.js","statementMap":{"0":{"start":{"line":3,"column":8},"end":{"line":3,"column":25}},"1":{"start":{"line":4,"column":8},"end":{"line":4,"column":24}},"2":{"start":{"line":5,"column":8},"end":{"line":5,"column":28}},"3":{"start":{"line":6,"column":8},"end":{"line":6,"column":26}},"4":{"start":{"line":10,"column":8},"end":{"line":10,"column":87}},"5":{"start":{"line":10,"column":59},"end":{"line":10,"column":85}},"6":{"start":{"line":14,"column":8},"end":{"line":14,"column":35}},"7":{"start":{"line":18,"column":8},"end":{"line":18,"column":35}},"8":{"start":{"line":22,"column":8},"end":{"line":22,"column":74}},"9":{"start":{"line":26,"column":8},"end":{"line":28,"column":9}},"10":{"start":{"line":26,"column":21},"end":{"line":26,"column":22}},"11":{"start":{"line":27,"column":12},"end":{"line":27,"column":57}},"12":{"start":{"line":27,"column":44},"end":{"line":27,"column":57}},"13":{"start":{"line":29,"column":8},"end":{"line":31,"column":9}},"14":{"start":{"line":29,"column":21},"end":{"line":29,"column":24}},"15":{"start":{"line":29,"column":30},"end":{"line":29,"column":33}},"16":{"start":{"line":30,"column":12},"end":{"line":30,"column":55}},"17":{"start":{"line":30,"column":42},"end":{"line":30,"column":55}},"18":{"start":{"line":32,"column":8},"end":{"line":34,"column":9}},"19":{"start":{"line":32,"column":21},"end":{"line":32,"column":24}},"20":{"start":{"line":32,"column":30},"end":{"line":32,"column":33}},"21":{"start":{"line":33,"column":12},"end":{"line":33,"column":55}},"22":{"start":{"line":33,"column":42},"end":{"line":33,"column":55}},"23":{"start":{"line":35,"column":8},"end":{"line":35,"column":20}},"24":{"start":{"line":39,"column":8},"end":{"line":42,"column":9}},"25":{"start":{"line":40,"column":12},"end":{"line":40,"column":74}},"26":{"start":{"line":40,"column":54},"end":{"line":40,"column":71}},"27":{"start":{"line":41,"column":12},"end":{"line":41,"column":19}},"28":{"start":{"line":44,"column":8},"end":{"line":50,"column":9}},"29":{"start":{"line":44,"column":23},"end":{"line":44,"column":24}},"30":{"start":{"line":45,"column":12},"end":{"line":49,"column":13}},"31":{"start":{"line":46,"column":16},"end":{"line":46,"column":42}},"32":{"start":{"line":47,"column":16},"end":{"line":47,"column":43}},"33":{"start":{"line":48,"column":16},"end":{"line":48,"column":43}},"34":{"start":{"line":54,"column":8},"end":{"line":54,"column":30}},"35":{"start":{"line":58,"column":8},"end":{"line":58,"column":26}},"36":{"start":{"line":62,"column":8},"end":{"line":62,"column":61}},"37":{"start":{"line":62,"column":34},"end":{"line":62,"column":59}},"38":{"start":{"line":66,"column":8},"end":{"line":68,"column":11}},"39":{"start":{"line":67,"column":12},"end":{"line":67,"column":52}},"40":{"start":{"line":73,"column":0},"end":{"line":73,"column":28}}},"fnMap":{"0":{"name":"(anonymous_0)","decl":{"start":{"line":2,"column":4},"end":{"line":2,"column":5}},"loc":{"start":{"line":2,"column":22},"end":{"line":7,"column":5}},"line":2},"1":{"name":"(anonymous_1)","decl":{"start":{"line":9,"column":4},"end":{"line":9,"column":5}},"loc":{"start":{"line":9,"column":17},"end":{"line":11,"column":5}},"line":9},"2":{"name":"(anonymous_2)","decl":{"start":{"line":10,"column":53},"end":{"line":10,"column":54}},"loc":{"start":{"line":10,"column":59},"end":{"line":10,"column":85}},"line":10},"3":{"name":"(anonymous_3)","decl":{"start":{"line":13,"column":4},"end":{"line":13,"column":5}},"loc":{"start":{"line":13,"column":25},"end":{"line":15,"column":5}},"line":13},"4":{"name":"(anonymous_4)","decl":{"start":{"line":17,"column":4},"end":{"line":17,"column":5}},"loc":{"start":{"line":17,"column":26},"end":{"line":19,"column":5}},"line":17},"5":{"name":"(anonymous_5)","decl":{"start":{"line":21,"column":4},"end":{"line":21,"column":5}},"loc":{"start":{"line":21,"column":30},"end":{"line":23,"column":5}},"line":21},"6":{"name":"(anonymous_6)","decl":{"start":{"line":25,"column":4},"end":{"line":25,"column":5}},"loc":{"start":{"line":25,"column":21},"end":{"line":36,"column":5}},"line":25},"7":{"name":"(anonymous_7)","decl":{"start":{"line":38,"column":4},"end":{"line":38,"column":5}},"loc":{"start":{"line":38,"column":26},"end":{"line":51,"column":5}},"line":38},"8":{"name":"(anonymous_8)","decl":{"start":{"line":40,"column":47},"end":{"line":40,"column":48}},"loc":{"start":{"line":40,"column":54},"end":{"line":40,"column":71}},"line":40},"9":{"name":"(anonymous_9)","decl":{"start":{"line":53,"column":4},"end":{"line":53,"column":5}},"loc":{"start":{"line":53,"column":19},"end":{"line":55,"column":5}},"line":53},"10":{"name":"(anonymous_10)","decl":{"start":{"line":57,"column":4},"end":{"line":57,"column":5}},"loc":{"start":{"line":57,"column":15},"end":{"line":59,"column":5}},"line":57},"11":{"name":"(anonymous_11)","decl":{"start":{"line":61,"column":4},"end":{"line":61,"column":5}},"loc":{"start":{"line":61,"column":17},"end":{"line":63,"column":5}},"line":61},"12":{"name":"(anonymous_12)","decl":{"start":{"line":62,"column":27},"end":{"line":62,"column":28}},"loc":{"start":{"line":62,"column":34},"end":{"line":62,"column":59}},"line":62},"13":{"name":"(anonymous_13)","decl":{"start":{"line":65,"column":4},"end":{"line":65,"column":5}},"loc":{"start":{"line":65,"column":21},"end":{"line":69,"column":5}},"line":65},"14":{"name":"(anonymous_14)","decl":{"start":{"line":66,"column":31},"end":{"line":66,"column":32}},"loc":{"start":{"line":66,"column":43},"end":{"line":68,"column":9}},"line":66}},"branchMap":{"0":{"loc":{"start":{"line":22,"column":15},"end":{"line":22,"column":73}},"type":"binary-expr","locations":[{"start":{"line":22,"column":15},"end":{"line":22,"column":23}},{"start":{"line":22,"column":27},"end":{"line":22,"column":42}},{"start":{"line":22,"column":46},"end":{"line":22,"column":54}},{"start":{"line":22,"column":58},"end":{"line":22,"column":73}}],"line":22},"1":{"loc":{"start":{"line":27,"column":12},"end":{"line":27,"column":57}},"type":"if","locations":[{"start":{"line":27,"column":12},"end":{"line":27,"column":57}},{"start":{},"end":{}}],"line":27},"2":{"loc":{"start":{"line":29,"column":35},"end":{"line":29,"column":51}},"type":"binary-expr","locations":[{"start":{"line":29,"column":35},"end":{"line":29,"column":41}},{"start":{"line":29,"column":45},"end":{"line":29,"column":51}}],"line":29},"3":{"loc":{"start":{"line":30,"column":12},"end":{"line":30,"column":55}},"type":"if","locations":[{"start":{"line":30,"column":12},"end":{"line":30,"column":55}},{"start":{},"end":{}}],"line":30},"4":{"loc":{"start":{"line":32,"column":35},"end":{"line":32,"column":58}},"type":"binary-expr","locations":[{"start":{"line":32,"column":35},"end":{"line":32,"column":41}},{"start":{"line":32,"column":45},"end":{"line":32,"column":58}}],"line":32},"5":{"loc":{"start":{"line":33,"column":12},"end":{"line":33,"column":55}},"type":"if","locations":[{"start":{"line":33,"column":12},"end":{"line":33,"column":55}},{"start":{},"end":{}}],"line":33},"6":{"loc":{"start":{"line":38,"column":17},"end":{"line":38,"column":24}},"type":"default-arg","locations":[{"start":{"line":38,"column":23},"end":{"line":38,"column":24}}],"line":38},"7":{"loc":{"start":{"line":39,"column":8},"end":{"line":42,"column":9}},"type":"if","locations":[{"start":{"line":39,"column":8},"end":{"line":42,"column":9}},{"start":{},"end":{}}],"line":39},"8":{"loc":{"start":{"line":45,"column":12},"end":{"line":49,"column":13}},"type":"if","locations":[{"start":{"line":45,"column":12},"end":{"line":49,"column":13}},{"start":{},"end":{}}],"line":45}},"s":{"0":7,"1":7,"2":7,"3":7,"4":7,"5":28,"6":19,"7":17,"8":0,"9":62,"10":62,"11":96,"12":28,"13":34,"14":34,"15":34,"16":64,"17":10,"18":24,"19":24,"20":24,"21":44,"22":7,"23":17,"24":17,"25":2,"26":8,"27":2,"28":15,"29":15,"30":60,"31":16,"32":16,"33":16,"34":1,"35":3,"36":1,"37":4,"38":1,"39":2,"40":1},"f":{"0":7,"1":7,"2":28,"3":19,"4":17,"5":0,"6":62,"7":17,"8":8,"9":1,"10":3,"11":1,"12":4,"13":1,"14":2},"b":{"0":[0,0,0,0],"1":[28,68],"2":[88,74],"3":[10,54],"4":[61,50],"5":[7,37],"6":[1],"7":[2,15],"8":[16,44]},"_coverageSchema":"1a1c01bbd47fc00a2c39e90264f33305004495a9","hash":"986d7c96c455294e19d8ebea7ad762885277839f"}
}
