TN:
SF:src\chessboard.js
FN:2,(anonymous_0)
FN:8,(anonymous_1)
FN:9,(anonymous_2)
FN:12,(anonymous_3)
FN:16,(anonymous_4)
FN:24,(anonymous_5)
FN:32,(anonymous_6)
FN:36,(anonymous_7)
FNF:8
FNH:8
FNDA:4,(anonymous_0)
FNDA:4,(anonymous_1)
FNDA:16,(anonymous_2)
FNDA:3,(anonymous_3)
FNDA:3,(anonymous_4)
FNDA:1,(anonymous_5)
FNDA:4,(anonymous_6)
FNDA:2,(anonymous_7)
DA:3,4
DA:4,4
DA:5,4
DA:9,16
DA:13,3
DA:17,3
DA:18,3
DA:20,0
DA:25,1
DA:26,1
DA:28,0
DA:33,4
DA:37,2
DA:38,2
DA:39,0
DA:43,2
DA:44,4
DA:45,1
DA:49,1
DA:50,2
DA:51,0
DA:55,1
DA:59,1
LF:23
LH:19
BRDA:17,0,0,3
BRDA:17,0,1,0
BRDA:25,1,0,1
BRDA:25,1,1,0
BRDA:33,2,0,4
BRDA:33,2,1,4
BRDA:33,2,2,4
BRDA:33,2,3,4
BRDA:38,3,0,0
BRDA:38,3,1,2
BRDA:43,4,0,5
BRDA:43,4,1,4
BRDA:44,5,0,1
BRDA:44,5,1,3
BRDA:49,6,0,3
BRDA:49,6,1,2
BRDA:50,7,0,0
BRDA:50,7,1,2
BRF:18
BRH:14
end_of_record
