TN:
SF:src\chessboard.js
FN:2,(anonymous_0)
FN:9,(anonymous_1)
FN:10,(anonymous_2)
FN:13,(anonymous_3)
FN:21,(anonymous_4)
FN:29,(anonymous_5)
FN:33,(anonymous_6)
FN:58,(anonymous_7)
FN:62,(anonymous_8)
FN:68,(anonymous_9)
FNF:10
FNH:10
FNDA:6,(anonymous_0)
FNDA:6,(anonymous_1)
FNDA:24,(anonymous_2)
FNDA:3,(anonymous_3)
FNDA:1,(anonymous_4)
FNDA:4,(anonymous_5)
FNDA:2,(anonymous_6)
FNDA:3,(anonymous_7)
FNDA:1,(anonymous_8)
FNDA:1,(anonymous_9)
DA:3,6
DA:4,6
DA:5,6
DA:6,6
DA:10,24
DA:14,3
DA:15,3
DA:17,0
DA:22,1
DA:23,1
DA:25,0
DA:30,4
DA:35,2
DA:36,2
DA:37,0
DA:42,2
DA:43,4
DA:44,1
DA:49,1
DA:50,2
DA:51,0
DA:55,1
DA:59,3
DA:63,1
DA:64,4
DA:69,1
DA:70,2
DA:71,8
DA:73,2
DA:78,1
LF:30
LH:26
BRDA:14,0,0,3
BRDA:14,0,1,0
BRDA:22,1,0,1
BRDA:22,1,1,0
BRDA:30,2,0,4
BRDA:30,2,1,4
BRDA:30,2,2,4
BRDA:30,2,3,4
BRDA:36,3,0,0
BRDA:36,3,1,2
BRDA:42,4,0,5
BRDA:42,4,1,4
BRDA:43,5,0,1
BRDA:43,5,1,3
BRDA:49,6,0,3
BRDA:49,6,1,2
BRDA:50,7,0,0
BRDA:50,7,1,2
BRF:18
BRH:14
end_of_record
